Flutter crash report; please file at https://github.com/flutter/flutter/issues.

## command

flutter --no-color create --template app --description A new Flutter application. --org com.horizon --project-name horizonadminn --ios-language objc --android-language java horizon_adminn

## exception

FileSystemException: FileSystemException: Cannot copy file to 'D:\Projects\Horizon\horizon_admin_final\horizon_adminn\windows\runner.exe.manifest', path = 'C:\flutter\packages\flutter_tools\templates\app\windows.tmpl\runner.exe.manifest' (OS Error: Operation did not complete successfully because the file contains a virus or potentially unwanted software.
, errno = 225)

```
#0      _File.throwIfError (dart:io/file_impl.dart:645:7)
#1      _File.copySync (dart:io/file_impl.dart:350:5)
#2      ForwardingFile.copySync (package:file/src/forwarding/forwarding_file.dart:30:50)
#3      Template.render.<anonymous closure> (package:flutter_tools/src/template.dart:195:18)
#4      _LinkedHashMapMixin.forEach (dart:collection-patch/compact_hash.dart:379:8)
#5      Template.render (package:flutter_tools/src/template.dart:132:24)
#6      CreateCommand._renderTemplate (package:flutter_tools/src/commands/create.dart:667:21)
#7      CreateCommand._generateApp (package:flutter_tools/src/commands/create.dart:578:23)
#8      CreateCommand.runCommand (package:flutter_tools/src/commands/create.dart:429:37)
<asynchronous suspension>
#9      FlutterCommand.verifyThenRunCommand (package:flutter_tools/src/runner/flutter_command.dart:615:18)
#10     _asyncThenWrapperHelper.<anonymous closure> (dart:async-patch/async_patch.dart:73:64)
#11     _rootRunUnary (dart:async/zone.dart:1134:38)
#12     _CustomZone.runUnary (dart:async/zone.dart:1031:19)
#13     _FutureListener.handleValue (dart:async/future_impl.dart:139:18)
#14     Future._propagateToListeners.handleValueCallback (dart:async/future_impl.dart:680:45)
#15     Future._propagateToListeners (dart:async/future_impl.dart:709:32)
#16     Future._completeWithValue (dart:async/future_impl.dart:524:5)
#17     Future._asyncComplete.<anonymous closure> (dart:async/future_impl.dart:554:7)
#18     _rootRun (dart:async/zone.dart:1126:13)
#19     _CustomZone.run (dart:async/zone.dart:1023:19)
#20     _CustomZone.runGuarded (dart:async/zone.dart:925:7)
#21     _CustomZone.bindCallbackGuarded.<anonymous closure> (dart:async/zone.dart:965:23)
#22     _microtaskLoop (dart:async/schedule_microtask.dart:43:21)
#23     _startMicrotaskLoop (dart:async/schedule_microtask.dart:52:5)
#24     _runPendingImmediateCallback (dart:isolate-patch/isolate_patch.dart:118:13)
#25     _RawReceivePortImpl._handleMessage (dart:isolate-patch/isolate_patch.dart:175:5)
```

## flutter doctor

```
[✓] Flutter (Channel beta, v1.12.13+hotfix.6, on Microsoft Windows [Version 10.0.18362.388], locale en-US)
    • Flutter version 1.12.13+hotfix.6 at C:\flutter
    • Framework revision 18cd7a3601 (8 months ago), 2019-12-11 06:35:39 -0800
    • Engine revision 2994f7e1e6
    • Dart version 2.7.0

[✓] Android toolchain - develop for Android devices (Android SDK version 29.0.2)
    • Android SDK at C:\Users\alisa\AppData\Local\Android\sdk
    • Android NDK location not configured (optional; useful for native profiling support)
    • Platform android-29, build-tools 29.0.2
    • Java binary at: C:\Program Files\Android\Android Studio\jre\bin\java
    • Java version OpenJDK Runtime Environment (build 1.8.0_202-release-1483-b03)
    • All Android licenses accepted.

[✓] Android Studio (version 3.5)
    • Android Studio at C:\Program Files\Android\Android Studio
    • Flutter plugin version 44.0.1
    • Dart plugin version 191.8593
    • Java version OpenJDK Runtime Environment (build 1.8.0_202-release-1483-b03)

[!] VS Code (version 1.46.1)
    • VS Code at C:\Users\alisa\AppData\Local\Programs\Microsoft VS Code
    ✗ Flutter extension not installed; install from
      https://marketplace.visualstudio.com/items?itemName=Dart-Code.flutter

[✓] Connected device (1 available)
    • JSN L22 • GBT4C18918000687 • android-arm64 • Android 9 (API 28)

! Doctor found issues in 1 category.
```
